<?xml version="1.0" encoding="UTF-8"?>
<!-- Generated by org.testng.reporters.JUnitXMLReporter -->
<testsuite hostname="DESKTOP-S1NSUV6" name="Test" tests="3" failures="1" timestamp="8 Dec 2017 03:45:10 GMT" time="3296.646" errors="0">
  <testcase name="@AfterMethod Me" time="0.0" classname="IE.IEOperatorC">
    <failure type="org.openqa.selenium.NoSuchWindowException" message="Unable to get browser (WARNING: The server did not provide any stacktrace information)
Command duration or timeout: 16 milliseconds
Build info: version: &amp;apos;2.53.0&amp;apos;, revision: &amp;apos;35ae25b&amp;apos;, time: &amp;apos;2016-03-15 17:01:03&amp;apos;
System info: host: &amp;apos;DESKTOP-S1NSUV6&amp;apos;, ip: &amp;apos;172.27.195.8&amp;apos;, os.name: &amp;apos;Windows 10&amp;apos;, os.arch: &amp;apos;amd64&amp;apos;, os.version: &amp;apos;10.0&amp;apos;, java.version: &amp;apos;1.8.0_131&amp;apos;
Driver info: org.openqa.selenium.ie.InternetExplorerDriver
Capabilities [{browserAttachTimeout=0, enablePersistentHover=true, ie.forceCreateProcessApi=false, ie.usePerProcessProxy=false, ignoreZoomSetting=false, handlesAlerts=true, version=11, platform=WINDOWS, nativeEvents=true, ie.ensureCleanSession=false, elementScrollBehavior=0, ie.browserCommandLineSwitches=, requireWindowFocus=false, browserName=internet explorer, initialBrowserUrl=http://localhost:4647/, takesScreenshot=true, javascriptEnabled=true, ignoreProtectedModeSettings=true, enableElementCacheCleanup=true, cssSelectorsEnabled=true, unexpectedAlertBehaviour=dismiss}]
Session ID: d2c095f2-00bf-4353-ab7c-3442a189ad21">
      <![CDATA[org.openqa.selenium.NoSuchWindowException: Unable to get browser (WARNING: The server did not provide any stacktrace information)
Command duration or timeout: 16 milliseconds
Build info: version: '2.53.0', revision: '35ae25b', time: '2016-03-15 17:01:03'
System info: host: 'DESKTOP-S1NSUV6', ip: '172.27.195.8', os.name: 'Windows 10', os.arch: 'amd64', os.version: '10.0', java.version: '1.8.0_131'
Driver info: org.openqa.selenium.ie.InternetExplorerDriver
Capabilities [{browserAttachTimeout=0, enablePersistentHover=true, ie.forceCreateProcessApi=false, ie.usePerProcessProxy=false, ignoreZoomSetting=false, handlesAlerts=true, version=11, platform=WINDOWS, nativeEvents=true, ie.ensureCleanSession=false, elementScrollBehavior=0, ie.browserCommandLineSwitches=, requireWindowFocus=false, browserName=internet explorer, initialBrowserUrl=http://localhost:4647/, takesScreenshot=true, javascriptEnabled=true, ignoreProtectedModeSettings=true, enableElementCacheCleanup=true, cssSelectorsEnabled=true, unexpectedAlertBehaviour=dismiss}]
Session ID: d2c095f2-00bf-4353-ab7c-3442a189ad21
	at org.openqa.selenium.remote.ErrorHandler.createThrowable(ErrorHandler.java:206)
	at org.openqa.selenium.remote.ErrorHandler.throwIfResponseFailed(ErrorHandler.java:158)
	at org.openqa.selenium.remote.RemoteWebDriver.execute(RemoteWebDriver.java:678)
	at org.openqa.selenium.remote.RemoteWebDriver.execute(RemoteWebDriver.java:701)
	at org.openqa.selenium.remote.RemoteWebDriver.close(RemoteWebDriver.java:521)
	at IE.IEOperatorC.Me(IEOperatorC.java:564)
... Removed 30 stack frames]]>
    </failure>
  </testcase> <!-- @AfterMethod Me -->
  <testcase name="@BeforeMethod Test1" time="0.0" classname="IE.IEOperatorC">
    <skipped/>
  </testcase> <!-- @BeforeMethod Test1 -->
  <testcase name="@AfterMethod Me" time="0.0" classname="IE.IEOperatorC">
    <skipped/>
  </testcase> <!-- @AfterMethod Me -->
  <testcase name="@BeforeMethod Test1" time="0.0" classname="IE.IEOperatorC">
    <skipped/>
  </testcase> <!-- @BeforeMethod Test1 -->
  <testcase name="@AfterMethod Me" time="0.0" classname="IE.IEOperatorC">
    <skipped/>
  </testcase> <!-- @AfterMethod Me -->
  <testcase name="DateMethod1" time="3275.866" classname="IE.IEOperatorC">
    <failure type="org.openqa.selenium.StaleElementReferenceException" message="No frame found (WARNING: The server did not provide any stacktrace information)
Command duration or timeout: 235 milliseconds
For documentation on this error, please visit: http://seleniumhq.org/exceptions/stale_element_reference.html
Build info: version: &amp;apos;2.53.0&amp;apos;, revision: &amp;apos;35ae25b&amp;apos;, time: &amp;apos;2016-03-15 17:01:03&amp;apos;
System info: host: &amp;apos;DESKTOP-S1NSUV6&amp;apos;, ip: &amp;apos;172.27.195.8&amp;apos;, os.name: &amp;apos;Windows 10&amp;apos;, os.arch: &amp;apos;amd64&amp;apos;, os.version: &amp;apos;10.0&amp;apos;, java.version: &amp;apos;1.8.0_131&amp;apos;
Driver info: org.openqa.selenium.ie.InternetExplorerDriver
Capabilities [{browserAttachTimeout=0, enablePersistentHover=true, ie.forceCreateProcessApi=false, ie.usePerProcessProxy=false, ignoreZoomSetting=false, handlesAlerts=true, version=11, platform=WINDOWS, nativeEvents=true, ie.ensureCleanSession=false, elementScrollBehavior=0, ie.browserCommandLineSwitches=, requireWindowFocus=false, browserName=internet explorer, initialBrowserUrl=http://localhost:4647/, takesScreenshot=true, javascriptEnabled=true, ignoreProtectedModeSettings=true, enableElementCacheCleanup=true, cssSelectorsEnabled=true, unexpectedAlertBehaviour=dismiss}]
Session ID: d2c095f2-00bf-4353-ab7c-3442a189ad21">
      <![CDATA[org.openqa.selenium.StaleElementReferenceException: No frame found (WARNING: The server did not provide any stacktrace information)
Command duration or timeout: 235 milliseconds
For documentation on this error, please visit: http://seleniumhq.org/exceptions/stale_element_reference.html
Build info: version: '2.53.0', revision: '35ae25b', time: '2016-03-15 17:01:03'
System info: host: 'DESKTOP-S1NSUV6', ip: '172.27.195.8', os.name: 'Windows 10', os.arch: 'amd64', os.version: '10.0', java.version: '1.8.0_131'
Driver info: org.openqa.selenium.ie.InternetExplorerDriver
Capabilities [{browserAttachTimeout=0, enablePersistentHover=true, ie.forceCreateProcessApi=false, ie.usePerProcessProxy=false, ignoreZoomSetting=false, handlesAlerts=true, version=11, platform=WINDOWS, nativeEvents=true, ie.ensureCleanSession=false, elementScrollBehavior=0, ie.browserCommandLineSwitches=, requireWindowFocus=false, browserName=internet explorer, initialBrowserUrl=http://localhost:4647/, takesScreenshot=true, javascriptEnabled=true, ignoreProtectedModeSettings=true, enableElementCacheCleanup=true, cssSelectorsEnabled=true, unexpectedAlertBehaviour=dismiss}]
Session ID: d2c095f2-00bf-4353-ab7c-3442a189ad21
	at org.openqa.selenium.remote.ErrorHandler.createThrowable(ErrorHandler.java:206)
	at org.openqa.selenium.remote.ErrorHandler.throwIfResponseFailed(ErrorHandler.java:158)
	at org.openqa.selenium.remote.RemoteWebDriver.execute(RemoteWebDriver.java:678)
	at org.openqa.selenium.remote.RemoteWebDriver$RemoteTargetLocator.frame(RemoteWebDriver.java:1004)
	at org.openqa.selenium.remote.RemoteWebDriver$RemoteTargetLocator.frame(RemoteWebDriver.java:999)
	at IE.IEOperatorC.f4(IEOperatorC.java:414)
	at IE.IEOperatorC.DateMethod1(IEOperatorC.java:110)
... Removed 28 stack frames]]>
    </failure>
  </testcase> <!-- DateMethod1 -->
  <testcase name="DateMethod2" time="0.0" classname="IE.IEOperatorC">
    <skipped/>
  </testcase> <!-- DateMethod2 -->
  <testcase name="DateMethod3" time="0.0" classname="IE.IEOperatorC">
    <skipped/>
  </testcase> <!-- DateMethod3 -->
</testsuite> <!-- Test -->
