<?xml version="1.0" encoding="UTF-8"?>
<testng-results skipped="0" failed="1" total="3" passed="2">
  <reporter-output>
  </reporter-output>
  <suite name="Suite" duration-ms="3536612" started-at="2017-10-12T03:12:51Z" finished-at="2017-10-12T04:11:48Z">
    <groups>
    </groups>
    <test name="Test" duration-ms="3536612" started-at="2017-10-12T03:12:51Z" finished-at="2017-10-12T04:11:48Z">
      <class name="IE.IEOperatorC">
        <test-method status="PASS" signature="Test1()[pri:0, instance:IE.IEOperatorC@239963d8]" name="Test1" is-config="true" duration-ms="16306" started-at="2017-10-12T11:12:51Z" finished-at="2017-10-12T11:13:08Z">
          <reporter-output>
          </reporter-output>
        </test-method> <!-- Test1 -->
        <test-method status="FAIL" signature="DateMethod1()[pri:0, instance:IE.IEOperatorC@239963d8]" name="DateMethod1" duration-ms="3466393" started-at="2017-10-12T11:13:08Z" finished-at="2017-10-12T12:10:54Z">
          <exception class="org.openqa.selenium.NoSuchElementException">
            <message>
              <![CDATA[Unable to find element with xpath == .//select[@name='txtPick']/option (WARNING: The server did not provide any stacktrace information)
Command duration or timeout: 1.25 seconds
For documentation on this error, please visit: http://seleniumhq.org/exceptions/no_such_element.html
Build info: version: '2.53.0', revision: '35ae25b', time: '2016-03-15 17:01:03'
System info: host: 'DESKTOP-S1NSUV6', ip: '192.168.0.11', os.name: 'Windows 10', os.arch: 'amd64', os.version: '10.0', java.version: '1.8.0_131'
Driver info: org.openqa.selenium.ie.InternetExplorerDriver
Capabilities [{browserAttachTimeout=0, enablePersistentHover=true, ie.forceCreateProcessApi=false, ie.usePerProcessProxy=false, ignoreZoomSetting=false, handlesAlerts=true, version=11, platform=WINDOWS, nativeEvents=true, ie.ensureCleanSession=false, elementScrollBehavior=0, ie.browserCommandLineSwitches=, requireWindowFocus=false, browserName=internet explorer, initialBrowserUrl=http://localhost:10684/, takesScreenshot=true, javascriptEnabled=true, ignoreProtectedModeSettings=true, enableElementCacheCleanup=true, cssSelectorsEnabled=true, unexpectedAlertBehaviour=dismiss}]
Session ID: 12003448-ddad-4441-bc20-3820180bbee8
*** Element info: {Using=xpath, value=.//select[@name='txtPick']/option}]]>
            </message>
            <full-stacktrace>
              <![CDATA[org.openqa.selenium.NoSuchElementException: Unable to find element with xpath == .//select[@name='txtPick']/option (WARNING: The server did not provide any stacktrace information)
Command duration or timeout: 1.25 seconds
For documentation on this error, please visit: http://seleniumhq.org/exceptions/no_such_element.html
Build info: version: '2.53.0', revision: '35ae25b', time: '2016-03-15 17:01:03'
System info: host: 'DESKTOP-S1NSUV6', ip: '192.168.0.11', os.name: 'Windows 10', os.arch: 'amd64', os.version: '10.0', java.version: '1.8.0_131'
Driver info: org.openqa.selenium.ie.InternetExplorerDriver
Capabilities [{browserAttachTimeout=0, enablePersistentHover=true, ie.forceCreateProcessApi=false, ie.usePerProcessProxy=false, ignoreZoomSetting=false, handlesAlerts=true, version=11, platform=WINDOWS, nativeEvents=true, ie.ensureCleanSession=false, elementScrollBehavior=0, ie.browserCommandLineSwitches=, requireWindowFocus=false, browserName=internet explorer, initialBrowserUrl=http://localhost:10684/, takesScreenshot=true, javascriptEnabled=true, ignoreProtectedModeSettings=true, enableElementCacheCleanup=true, cssSelectorsEnabled=true, unexpectedAlertBehaviour=dismiss}]
Session ID: 12003448-ddad-4441-bc20-3820180bbee8
*** Element info: {Using=xpath, value=.//select[@name='txtPick']/option}
	at sun.reflect.NativeConstructorAccessorImpl.newInstance0(Native Method)
	at sun.reflect.NativeConstructorAccessorImpl.newInstance(Unknown Source)
	at sun.reflect.DelegatingConstructorAccessorImpl.newInstance(Unknown Source)
	at java.lang.reflect.Constructor.newInstance(Unknown Source)
	at org.openqa.selenium.remote.ErrorHandler.createThrowable(ErrorHandler.java:206)
	at org.openqa.selenium.remote.ErrorHandler.throwIfResponseFailed(ErrorHandler.java:158)
	at org.openqa.selenium.remote.RemoteWebDriver.execute(RemoteWebDriver.java:678)
	at org.openqa.selenium.remote.RemoteWebDriver.findElement(RemoteWebDriver.java:363)
	at org.openqa.selenium.remote.RemoteWebDriver.findElementByXPath(RemoteWebDriver.java:500)
	at org.openqa.selenium.By$ByXPath.findElement(By.java:361)
	at org.openqa.selenium.remote.RemoteWebDriver.findElement(RemoteWebDriver.java:355)
	at IE.IEOperatorC.f4(IEOperatorC.java:448)
	at IE.IEOperatorC.DateMethod1(IEOperatorC.java:109)
	at sun.reflect.NativeMethodAccessorImpl.invoke0(Native Method)
	at sun.reflect.NativeMethodAccessorImpl.invoke(Unknown Source)
	at sun.reflect.DelegatingMethodAccessorImpl.invoke(Unknown Source)
	at java.lang.reflect.Method.invoke(Unknown Source)
	at org.testng.internal.MethodInvocationHelper.invokeMethod(MethodInvocationHelper.java:85)
	at org.testng.internal.Invoker.invokeMethod(Invoker.java:639)
	at org.testng.internal.Invoker.invokeTestMethod(Invoker.java:816)
	at org.testng.internal.Invoker.invokeTestMethods(Invoker.java:1124)
	at org.testng.internal.TestMethodWorker.invokeTestMethods(TestMethodWorker.java:125)
	at org.testng.internal.TestMethodWorker.run(TestMethodWorker.java:108)
	at org.testng.TestRunner.privateRun(TestRunner.java:774)
	at org.testng.TestRunner.run(TestRunner.java:624)
	at org.testng.SuiteRunner.runTest(SuiteRunner.java:359)
	at org.testng.SuiteRunner.runSequentially(SuiteRunner.java:354)
	at org.testng.SuiteRunner.privateRun(SuiteRunner.java:312)
	at org.testng.SuiteRunner.run(SuiteRunner.java:261)
	at org.testng.SuiteRunnerWorker.runSuite(SuiteRunnerWorker.java:52)
	at org.testng.SuiteRunnerWorker.run(SuiteRunnerWorker.java:86)
	at org.testng.TestNG.runSuitesSequentially(TestNG.java:1215)
	at org.testng.TestNG.runSuitesLocally(TestNG.java:1140)
	at org.testng.TestNG.run(TestNG.java:1048)
	at org.testng.remote.AbstractRemoteTestNG.run(AbstractRemoteTestNG.java:132)
	at org.testng.remote.RemoteTestNG.initAndRun(RemoteTestNG.java:230)
	at org.testng.remote.RemoteTestNG.main(RemoteTestNG.java:76)
]]>
            </full-stacktrace>
          </exception> <!-- org.openqa.selenium.NoSuchElementException -->
          <reporter-output>
          </reporter-output>
        </test-method> <!-- DateMethod1 -->
        <test-method status="PASS" signature="Me()[pri:0, instance:IE.IEOperatorC@239963d8]" name="Me" is-config="true" duration-ms="93" started-at="2017-10-12T12:10:55Z" finished-at="2017-10-12T12:10:55Z">
          <reporter-output>
          </reporter-output>
        </test-method> <!-- Me -->
        <test-method status="PASS" signature="Test1()[pri:0, instance:IE.IEOperatorC@239963d8]" name="Test1" is-config="true" duration-ms="27413" started-at="2017-10-12T12:10:55Z" finished-at="2017-10-12T12:11:22Z">
          <reporter-output>
          </reporter-output>
        </test-method> <!-- Test1 -->
        <test-method status="PASS" signature="DateMethod2()[pri:0, instance:IE.IEOperatorC@239963d8]" name="DateMethod2" duration-ms="4918" started-at="2017-10-12T12:11:22Z" finished-at="2017-10-12T12:11:27Z">
          <reporter-output>
          </reporter-output>
        </test-method> <!-- DateMethod2 -->
        <test-method status="PASS" signature="Me()[pri:0, instance:IE.IEOperatorC@239963d8]" name="Me" is-config="true" duration-ms="73" started-at="2017-10-12T12:11:27Z" finished-at="2017-10-12T12:11:27Z">
          <reporter-output>
          </reporter-output>
        </test-method> <!-- Me -->
        <test-method status="PASS" signature="Test1()[pri:0, instance:IE.IEOperatorC@239963d8]" name="Test1" is-config="true" duration-ms="16089" started-at="2017-10-12T12:11:27Z" finished-at="2017-10-12T12:11:43Z">
          <reporter-output>
          </reporter-output>
        </test-method> <!-- Test1 -->
        <test-method status="PASS" signature="DateMethod3()[pri:0, instance:IE.IEOperatorC@239963d8]" name="DateMethod3" duration-ms="4630" started-at="2017-10-12T12:11:43Z" finished-at="2017-10-12T12:11:48Z">
          <reporter-output>
          </reporter-output>
        </test-method> <!-- DateMethod3 -->
        <test-method status="PASS" signature="Me()[pri:0, instance:IE.IEOperatorC@239963d8]" name="Me" is-config="true" duration-ms="266" started-at="2017-10-12T12:11:48Z" finished-at="2017-10-12T12:11:48Z">
          <reporter-output>
          </reporter-output>
        </test-method> <!-- Me -->
      </class> <!-- IE.IEOperatorC -->
    </test> <!-- Test -->
  </suite> <!-- Suite -->
</testng-results>
